FTZL6:08007:13388 116 0 116 0
FTZL6:08018:14088 74 0 74 0
FTZL6:08058:12919 78 0 78 0
FTZL6:08068:13256 98 0 98 0
FTZL6:08052:13334 53 0 53 0
FTZL6:08086:13603 83 0 83 0
FTZL6:08050:13824 92 0 92 0
FTZL6:08059:13820 84 0 84 0
FTZL6:08092:13085 57 0 57 0
FTZL6:08138:13164 97 0 97 0
FTZL6:08097:13275 108 0 108 0
FTZL6:08110:13407 113 0 113 0
FTZL6:08112:13389 97 0 97 0
FTZL6:08106:13636 88 0 88 0
FTZL6:08106:13782 77 0 77 0
FTZL6:08102:13939 250 0 250 0
FTZL6:08104:14081 67 0 67 0
FTZL6:08180:12908 111 0 111 0
FTZL6:08160:13010 112 0 112 0
FTZL6:08178:13196 57 0 57 0
FTZL6:08163:13262 101 0 101 0
FTZL6:08190:13515 175 0 175 0
FTZL6:08171:13584 149 0 149 0
FTZL6:08189:13743 158 0 158 0
FTZL6:08180:13801 113 0 113 0
FTZL6:08191:13927 162 0 162 0
FTZL6:08219:13258 79 0 79 0
FTZL6:08208:13555 152 0 152 0
FTZL6:08204:13841 81 0 81 0
FTZL6:08286:12996 105 0 105 0
FTZL6:08249:13391 113 0 113 0
FTZL6:08288:13626 57 0 57 0
FTZL6:08248:13675 95 0 95 0
FTZL6:08278:13635 113 0 113 0
FTZL6:08294:12986 129 0 129 0
FTZL6:08308:13794 127 0 127 0
FTZL6:08324:13869 205 0 205 0
FTZL6:08294:14069 128 0 128 0
FTZL6:08311:14093 64 0 64 0
FTZL6:08352:12967 96 0 96 0
FTZL6:08355:13180 50 0 50 0
FTZL6:08377:13578 142 0 142 0
FTZL6:08361:13634 50 0 50 0
FTZL6:08389:13685 71 0 71 0
FTZL6:08377:13797 126 0 126 0
FTZL6:08347:14017 124 0 124 0
FTZL6:08383:14154 115 0 115 0
FTZL6:08405:13719 66 0 66 0
FTZL6:08476:13367 208 0 208 0
FTZL6:08481:13347 109 0 109 0
FTZL6:08463:13876 97 0 97 0
FTZL6:08490:13908 136 0 136 0
FTZL6:08503:13054 59 0 59 0
FTZL6:08506:13238 53 0 53 0
FTZL6:08501:13368 90 0 90 0
FTZL6:08536:13629 68 0 68 0
FTZL6:08522:13712 211 0 211 0
FTZL6:08524:13763 77 0 77 0
FTZL6:08510:13862 171 0 171 0
FTZL6:08500:13930 107 0 107 0
FTZL6:08516:14078 86 0 86 0
FTZL6:08518:14154 149 0 149 0
FTZL6:08589:12960 82 0 82 0
FTZL6:08591:13950 97 0 97 0
FTZL6:08572:14098 166 0 166 0
FTZL6:08582:14087 88 0 88 0
FTZL6:08604:12921 67 0 67 0
FTZL6:08637:13168 99 0 99 0
FTZL6:08609:13212 198 0 198 0
FTZL6:08595:13570 80 0 80 0
FTZL6:08609:13570 151 0 151 0
FTZL6:08608:13748 101 0 101 0
FTZL6:08600:13899 84 0 84 0
FTZL6:08676:12912 145 0 145 0
FTZL6:08655:13385 83 0 83 0
FTZL6:08660:13435 76 0 76 0
FTZL6:08679:13566 74 0 74 0
FTZL6:08678:13955 165 0 165 0
FTZL6:08683:14116 96 0 96 0
FTZL6:08730:13249 65 0 65 0
FTZL6:08711:13695 134 0 134 0
FTZL6:08731:14097 80 0 80 0
FTZL6:08776:13016 115 0 115 0
FTZL6:08773:13098 56 0 56 0
FTZL6:08759:13320 92 0 92 0
FTZL6:08790:13741 56 0 56 0
FTZL6:08760:13945 148 0 148 0
FTZL6:08759:13998 89 0 89 0
FTZL6:08750:14157 83 0 83 0
FTZL6:08811:12896 153 0 153 0
FTZL6:08816:13279 135 0 135 0
FTZL6:08819:13433 62 0 62 0
FTZL6:08826:13501 143 0 143 0
FTZL6:08814:13552 102 0 102 0
FTZL6:08830:13764 104 0 104 0
FTZL6:08798:14029 109 0 109 0
FTZL6:08823:14159 84 0 84 0
FTZL6:08826:14158 77 0 77 0
FTZL6:08890:13330 110 0 110 0
FTZL6:08868:13820 130 0 130 0
FTZL6:08901:13167 121 0 121 0
FTZL6:08953:13307 107 0 107 0
FTZL6:08979:13371 79 0 79 0
FTZL6:08958:13641 112 0 112 0
FTZL6:08943:13697 138 0 138 0
FTZL6:08987:13684 91 0 91 0
FTZL6:08984:14068 93 0 93 0
FTZL6:08974:14117 90 0 90 0
FTZL6:09029:13339 112 0 112 0
FTZL6:09025:13763 59 0 59 0
FTZL6:09040:13955 68 0 68 0
FTZL6:09046:12951 120 0 120 0
FTZL6:09058:13317 121 0 121 0
FTZL6:09078:13372 121 0 121 0
FTZL6:09089:13389 197 0 197 0
FTZL6:09075:13657 81 0 81 0
FTZL6:09070:13983 117 0 117 0
FTZL6:09083:14105 98 0 98 0
FTZL6:09090:14121 56 0 56 0
FTZL6:09117:13078 151 0 151 0
FTZL6:09101:13367 73 0 73 0
FTZL6:09093:13685 85 0 85 0
FTZL6:09095:13734 71 0 71 0
FTZL6:09097:13741 149 0 149 0
FTZL6:09117:13748 61 0 61 0
FTZL6:09108:13927 81 0 81 0
FTZL6:09178:12912 163 0 163 0
FTZL6:09167:12995 108 0 108 0
FTZL6:09142:13062 130 0 130 0
FTZL6:09153:13068 81 0 81 0
FTZL6:09163:13137 145 0 145 0
FTZL6:09189:13365 67 0 67 0
FTZL6:09172:13704 152 0 152 0
FTZL6:09175:13894 126 0 126 0
FTZL6:09158:13958 67 0 67 0
FTZL6:09221:13075 81 0 81 0
FTZL6:09228:13453 136 0 136 0
FTZL6:09224:13514 134 0 134 0
FTZL6:09281:12999 78 0 78 0
FTZL6:09248:13058 128 0 128 0
FTZL6:09287:13328 144 0 144 0
FTZL6:09287:13563 124 0 124 0
FTZL6:09265:13972 75 0 75 0
FTZL6:09271:14036 111 0 111 0
FTZL6:09287:14032 95 0 95 0
FTZL6:09248:14132 86 0 86 0
FTZL6:09293:13342 101 0 101 0
FTZL6:09292:13451 88 0 88 0
FTZL6:09293:13799 99 0 99 0
FTZL6:09303:13787 271 0 271 0
FTZL6:01367:12456 134 0 134 0
FTZL6:01374:12804 90 0 90 0
FTZL6:01399:11644 114 0 114 0
FTZL6:01416:12112 176 0 176 0
FTZL6:01402:12188 93 0 93 0
FTZL6:01416:12144 155 0 155 0
FTZL6:01387:12425 114 0 114 0
FTZL6:01392:12518 89 0 89 0
FTZL6:01426:12550 70 0 70 0
FTZL6:01384:12785 121 0 121 0
FTZL6:01472:11611 108 0 108 0
FTZL6:01458:11689 92 0 92 0
FTZL6:01479:11666 72 0 72 0
FTZL6:01449:11943 99 0 99 0
FTZL6:01454:12042 131 0 131 0
FTZL6:01444:12576 145 0 145 0
FTZL6:01470:12630 103 0 103 0
FTZL6:01476:12604 78 0 78 0
FTZL6:01447:12661 134 0 134 0
FTZL6:01503:11624 211 0 211 0
FTZL6:01509:11608 57 0 57 0
FTZL6:01526:11669 56 0 56 0
FTZL6:01531:11733 103 0 103 0
FTZL6:01490:11793 79 0 79 0
FTZL6:01497:12517 114 0 114 0
FTZL6:01548:11758 146 0 146 0
FTZL6:01574:11756 134 0 134 0
FTZL6:01581:11774 125 0 125 0
FTZL6:01535:12389 76 0 76 0
FTZL6:01627:11680 64 0 64 0
FTZL6:01630:11667 96 0 96 0
FTZL6:01598:11703 121 0 121 0
FTZL6:01606:11946 67 0 67 0
FTZL6:01607:12273 109 0 109 0
FTZL6:01629:12406 116 0 116 0
FTZL6:01585:12513 169 0 169 0
FTZL6:01630:12687 89 0 89 0
FTZL6:01585:12816 155 0 155 0
FTZL6:01611:12859 65 0 65 0
FTZL6:01650:11884 89 0 89 0
FTZL6:01679:12093 88 0 88 0
FTZL6:01642:12285 158 0 158 0
FTZL6:01637:12830 102 0 102 0
FTZL6:01702:11709 53 0 53 0
FTZL6:01694:12082 85 0 85 0
FTZL6:01776:12542 85 0 85 0
FTZL6:01759:12666 72 0 72 0
FTZL6:01767:12741 117 0 117 0
FTZL6:01809:11759 98 0 98 0
FTZL6:01822:11881 156 0 156 0
FTZL6:01815:11985 177 0 177 0
FTZL6:01782:12277 141 0 141 0
FTZL6:01824:12314 91 0 91 0
FTZL6:01812:12837 225 0 225 0
FTZL6:01849:11963 94 0 94 0
FTZL6:01866:12104 87 0 87 0
FTZL6:01873:12118 236 0 236 0
FTZL6:01856:12347 98 0 98 0
FTZL6:01860:12488 60 0 60 0
FTZL6:01920:11875 65 0 65 0
FTZL6:01902:12021 69 0 69 0
FTZL6:01910:11998 159 0 159 0
FTZL6:01923:12309 117 0 117 0
FTZL6:01911:12448 128 0 128 0
FTZL6:01890:12841 100 0 100 0
FTZL6:01925:12836 75 0 75 0
FTZL6:01957:11616 252 0 252 0
FTZL6:01941:11735 158 0 158 0
FTZL6:01952:11970 74 0 74 0
FTZL6:01969:12486 78 0 78 0
FTZL6:02025:11689 87 0 87 0
FTZL6:01999:11709 114 0 114 0
FTZL6:02031:11704 70 0 70 0
FTZL6:02009:11878 91 0 91 0
FTZL6:02016:12108 187 0 187 0
FTZL6:02030:12645 156 0 156 0
FTZL6:02065:11822 110 0 110 0
FTZL6:02064:12026 251 0 251 0
FTZL6:02043:12056 127 0 127 0
FTZL6:02054:12119 99 0 99 0
FTZL6:02066:12379 164 0 164 0
FTZL6:02060:12815 102 0 102 0
FTZL6:02088:11675 65 0 65 0
FTZL6:02082:11814 166 0 166 0
FTZL6:02121:12066 130 0 130 0
FTZL6:02099:12264 109 0 109 0
FTZL6:02117:12472 66 0 66 0
FTZL6:02090:12695 126 0 126 0
FTZL6:02099:12733 118 0 118 0
FTZL6:02132:12000 82 0 82 0
FTZL6:02135:12060 126 0 126 0
FTZL6:02144:12074 112 0 112 0
FTZL6:02134:12768 109 0 109 0
FTZL6:02142:12871 58 0 58 0
FTZL6:02190:11939 75 0 75 0
FTZL6:02218:12452 102 0 102 0
FTZL6:02200:12585 99 0 99 0
FTZL6:02224:12684 108 0 108 0
FTZL6:02229:12735 93 0 93 0
FTZL6:02250:11794 65 0 65 0
FTZL6:02249:12239 212 0 212 0
FTZL6:02261:12246 69 0 69 0
FTZL6:02232:12431 65 0 65 0
FTZL6:02238:12662 81 0 81 0
FTZL6:02299:12223 158 0 158 0
FTZL6:02285:12570 90 0 90 0
FTZL6:02358:11675 75 0 75 0
FTZL6:02342:11763 71 0 71 0
FTZL6:02361:11782 127 0 127 0
FTZL6:02332:11813 180 0 180 0
FTZL6:02334:11819 185 0 185 0
FTZL6:02380:12053 53 0 53 0
FTZL6:02343:12191 102 0 102 0
FTZL6:02361:12159 60 0 60 0
FTZL6:02334:12421 124 0 124 0
FTZL6:02356:12400 69 0 69 0
FTZL6:02385:12129 134 0 134 0
FTZL6:02406:12454 97 0 97 0
FTZL6:02388:12670 58 0 58 0
FTZL6:02430:12668 64 0 64 0
FTZL6:02401:12735 77 0 77 0
FTZL6:02428:12864 86 0 86 0
FTZL6:02432:11672 78 0 78 0
FTZL6:02441:12291 176 0 176 0
FTZL6:02460:12563 108 0 108 0
FTZL6:02432:12703 145 0 145 0
FTZL6:02505:11643 91 0 91 0
FTZL6:02491:11765 81 0 81 0
FTZL6:02528:11750 93 0 93 0
FTZL6:02521:11869 59 0 59 0
FTZL6:02494:12153 51 0 51 0
FTZL6:02492:12270 137 0 137 0
FTZL6:02482:12336 128 0 128 0
FTZL6:02529:12544 62 0 62 0
FTZL6:02495:12676 106 0 106 0
FTZL6:02538:12238 89 0 89 0
FTZL6:02545:12536 87 0 87 0
FTZL6:02540:12826 69 0 69 0
FTZL6:02619:11647 83 0 83 0
FTZL6:02589:11990 111 0 111 0
FTZL6:02584:12000 111 0 111 0
FTZL6:02629:12469 63 0 63 0
FTZL6:02582:12593 129 0 129 0
FTZL6:02601:12646 71 0 71 0
FTZL6:02616:12748 80 0 80 0
FTZL6:02616:12779 50 0 50 0
FTZL6:02642:11716 153 0 153 0
FTZL6:02650:12070 130 0 130 0
FTZL6:02635:12230 91 0 91 0
FTZL6:02659:12371 123 0 123 0
FTZL6:02638:12515 102 0 102 0
FTZL6:00024:04834 67 0 67 0
FTZL6:00079:03935 136 0 136 0
FTZL6:00079:04781 123 0 123 0
FTZL6:00099:04825 71 0 71 0
FTZL6:00140:04093 137 0 137 0
FTZL6:00133:04235 110 0 110 0
FTZL6:00103:04336 92 0 92 0
FTZL6:00135:04916 99 0 99 0
FTZL6:00107:05019 91 0 91 0
FTZL6:00193:04915 105 0 105 0
FTZL6:00155:05147 103 0 103 0
FTZL6:00213:03915 75 0 75 0
FTZL6:00242:03990 63 0 63 0
FTZL6:00223:04121 117 0 117 0
FTZL6:00215:04852 119 0 119 0
FTZL6:00237:04859 153 0 153 0
FTZL6:00206:04924 57 0 57 0
FTZL6:00230:04937 100 0 100 0
FTZL6:00226:05087 118 0 118 0
FTZL6:00251:03919 145 0 145 0
FTZL6:00292:03928 100 0 100 0
FTZL6:00280:04127 88 0 88 0
FTZL6:00272:04886 82 0 82 0
FTZL6:00290:04967 76 0 76 0
FTZL6:00321:04060 86 0 86 0
FTZL6:00318:04202 154 0 154 0
FTZL6:00326:04327 65 0 65 0
FTZL6:00344:04457 80 0 80 0
FTZL6:00316:04517 50 0 50 0
FTZL6:00347:04886 98 0 98 0
FTZL6:00362:04203 84 0 84 0
FTZL6:00361:04449 97 0 97 0
FTZL6:00409:04056 90 0 90 0
FTZL6:00407:04163 50 0 50 0
FTZL6:00460:04588 156 0 156 0
FTZL6:00490:04748 64 0 64 0
FTZL6:00500:04136 87 0 87 0
FTZL6:00525:04144 81 0 81 0
FTZL6:00506:04420 103 0 103 0
FTZL6:00534:04473 104 0 104 0
FTZL6:00503:04524 105 0 105 0
FTZL6:00546:04880 86 0 86 0
FTZL6:00538:04987 136 0 136 0
FTZL6:00500:05031 163 0 163 0
FTZL6:00531:05069 98 0 98 0
FTZL6:00568:03947 111 0 111 0
FTZL6:00583:03988 92 0 92 0
FTZL6:00565:04039 52 0 52 0
FTZL6:00591:04833 204 0 204 0
FTZL6:00592:05099 105 0 105 0
FTZL6:00575:05150 60 0 60 0
FTZL6:00649:04078 58 0 58 0
FTZL6:00614:04291 138 0 138 0
FTZL6:00629:04314 119 0 119 0
FTZL6:00648:04381 75 0 75 0
FTZL6:00634:04672 100 0 100 0
FTZL6:00609:04883 108 0 108 0
FTZL6:00633:05069 71 0 71 0
FTZL6:00663:03878 80 0 80 0
FTZL6:00688:03991 66 0 66 0
FTZL6:00680:04356 122 0 122 0
FTZL6:00669:04600 137 0 137 0
FTZL6:00698:04768 122 0 122 0
FTZL6:00682:05131 83 0 83 0
FTZL6:00729:04037 120 0 120 0
FTZL6:00736:04176 107 0 107 0
FTZL6:00745:04388 80 0 80 0
FTZL6:00737:04945 84 0 84 0
FTZL6:00745:04917 83 0 83 0
FTZL6:00761:03870 71 0 71 0
FTZL6:00793:04113 87 0 87 0
FTZL6:00798:04757 146 0 146 0
FTZL6:00788:04764 151 0 151 0
FTZL6:00779:05053 95 0 95 0
FTZL6:00830:04148 170 0 170 0
FTZL6:00887:04001 97 0 97 0
FTZL6:00875:04148 85 0 85 0
FTZL6:00894:04272 50 0 50 0
FTZL6:00864:04319 126 0 126 0
FTZL6:00881:04400 99 0 99 0
FTZL6:00887:04458 60 0 60 0
FTZL6:00893:05116 185 0 185 0
FTZL6:00936:04201 121 0 121 0
FTZL6:00941:04208 68 0 68 0
FTZL6:00916:04856 118 0 118 0
FTZL6:00933:04972 67 0 67 0
FTZL6:00921:05113 166 0 166 0
FTZL6:00901:05129 95 0 95 0
FTZL6:00985:04280 79 0 79 0
FTZL6:00994:04582 126 0 126 0
FTZL6:00973:04687 73 0 73 0
FTZL6:00991:04786 57 0 57 0
FTZL6:01034:03912 59 0 59 0
FTZL6:01037:04050 75 0 75 0
FTZL6:01022:04102 73 0 73 0
FTZL6:01042:04288 139 0 139 0
FTZL6:01021:04349 63 0 63 0
FTZL6:01028:04534 111 0 111 0
FTZL6:01029:04968 206 0 206 0
FTZL6:01053:04089 85 0 85 0
FTZL6:01083:04851 118 0 118 0
FTZL6:01078:05072 140 0 140 0
FTZL6:01123:03909 178 0 178 0
FTZL6:01100:04851 95 0 95 0
FTZL6:01168:03897 100 0 100 0
FTZL6:01158:03977 74 0 74 0
FTZL6:01155:04109 79 0 79 0
FTZL6:01195:04137 67 0 67 0
FTZL6:01168:04295 136 0 136 0
FTZL6:01194:04797 105 0 105 0
FTZL6:01159:04828 75 0 75 0
FTZL6:01208:04208 138 0 138 0
FTZL6:01234:04374 71 0 71 0
FTZL6:01231:04678 131 0 131 0
FTZL6:01235:04664 71 0 71 0
FTZL6:01248:04736 159 0 159 0
FTZL6:01224:05016 127 0 127 0
FTZL6:01221:05147 181 0 181 0
FTZL6:01293:03888 80 0 80 0
FTZL6:01271:03984 98 0 98 0
FTZL6:01272:04202 68 0 68 0
FTZL6:01262:04393 137 0 137 0
FTZL6:01266:04635 250 0 250 0
FTZL6:01259:04890 119 0 119 0
FTZL6:01307:03964 107 0 107 0
FTZL6:00247:02550 138 0 138 0
FTZL6:00281:02353 116 0 116 0
FTZL6:00283:02483 95 0 95 0
FTZL6:00326:02244 89 0 89 0
FTZL6:00324:02459 100 0 100 0
FTZL6:00324:02567 151 0 151 0
FTZL6:00384:02078 56 0 56 0
FTZL6:00398:02129 76 0 76 0
FTZL6:00384:02526 98 0 98 0
FTZL6:00420:02472 99 0 99 0
FTZL6:00495:02147 111 0 111 0
FTZL6:00473:02325 103 0 103 0
FTZL6:00500:02006 74 0 74 0
FTZL6:00505:02173 66 0 66 0
FTZL6:00525:02236 122 0 122 0
FTZL6:00591:01824 165 0 165 0
FTZL6:00557:01994 72 0 72 0
FTZL6:00561:02228 150 0 150 0
FTZL6:00557:02278 89 0 89 0
FTZL6:00604:02005 241 0 241 0
FTZL6:00610:02549 147 0 147 0
FTZL6:00668:02164 85 0 85 0
FTZL6:00658:02280 130 0 130 0
FTZL6:00715:01552 133 0 133 0
FTZL6:00712:01690 113 0 113 0
FTZL6:00731:01782 116 0 116 0
FTZL6:00707:02015 92 0 92 0
FTZL6:00702:02345 78 0 78 0
FTZL6:00785:01807 191 0 191 0
FTZL6:00776:01852 95 0 95 0
FTZL6:00771:01955 58 0 58 0
FTZL6:00776:02125 116 0 116 0
FTZL6:00766:02249 208 0 208 0
FTZL6:00798:02480 211 0 211 0
FTZL6:00824:01673 90 0 90 0
FTZL6:00814:01923 124 0 124 0
FTZL6:00818:01969 112 0 112 0
FTZL6:00847:02126 58 0 58 0
FTZL6:00898:01559 83 0 83 0
FTZL6:00891:01711 112 0 112 0
FTZL6:00860:01982 71 0 71 0
FTZL6:00889:01976 72 0 72 0
FTZL6:00854:02536 155 0 155 0
FTZL6:00915:01535 105 0 105 0
FTZL6:00910:01668 113 0 113 0
FTZL6:00941:01730 52 0 52 0
FTZL6:00939:01927 86 0 86 0
FTZL6:00927:01983 121 0 121 0
FTZL6:00938:02097 126 0 126 0
FTZL6:00946:02353 122 0 122 0
FTZL6:01039:01500 136 0 136 0
FTZL6:01032:01929 132 0 132 0
FTZL6:01017:02077 83 0 83 0
FTZL6:01023:02112 82 0 82 0
FTZL6:01011:02276 114 0 114 0
FTZL6:01042:02547 259 0 259 0
FTZL6:01055:01366 116 0 116 0
FTZL6:01094:01767 66 0 66 0
FTZL6:01063:02088 102 0 102 0
FTZL6:01074:02382 58 0 58 0
FTZL6:01060:02394 95 0 95 0
FTZL6:01052:02551 73 0 73 0
FTZL6:01111:01725 129 0 129 0
FTZL6:01110:01741 113 0 113 0
FTZL6:01105:01875 82 0 82 0
FTZL6:01130:02340 115 0 115 0
FTZL6:01120:02403 79 0 79 0
FTZL6:01120:02517 70 0 70 0
FTZL6:01159:01892 84 0 84 0
FTZL6:01173:02011 119 0 119 0
FTZL6:01206:01437 162 0 162 0
FTZL6:01213:01979 67 0 67 0
FTZL6:01224:02056 57 0 57 0
FTZL6:01224:02361 83 0 83 0
FTZL6:01264:01517 127 0 127 0
FTZL6:01287:01567 122 0 122 0
FTZL6:01254:01720 80 0 80 0
FTZL6:01257:02383 86 0 86 0
FTZL6:01286:02433 76 0 76 0
FTZL6:01299:02409 104 0 104 0
FTZL6:01311:01401 92 0 92 0
FTZL6:01310:01478 120 0 120 0
FTZL6:01314:02260 149 0 149 0
FTZL6:00995:01231 108 0 108 0
FTZL6:01098:01164 101 0 101 0
FTZL6:01131:01130 86 0 86 0
FTZL6:01153:01081 57 0 57 0
FTZL6:01153:01095 101 0 101 0
FTZL6:01170:01082 103 0 103 0
FTZL6:01151:01224 138 0 138 0
FTZL6:01223:01149 86 0 86 0
FTZL6:00026:09660 80 0 80 0
FTZL6:00039:10232 187 0 187 0
FTZL6:00068:09045 126 0 126 0
FTZL6:00094:09038 77 0 77 0
FTZL6:00075:09242 79 0 79 0
FTZL6:00078:09299 88 0 88 0
FTZL6:00057:09740 121 0 121 0
FTZL6:00052:09910 109 0 109 0
FTZL6:00055:10015 158 0 158 0
FTZL6:00054:10102 91 0 91 0
FTZL6:00107:09185 91 0 91 0
FTZL6:00174:09230 152 0 152 0
FTZL6:00161:09822 169 0 169 0
FTZL6:00187:10085 103 0 103 0
FTZL6:00176:10153 146 0 146 0
FTZL6:00196:10244 52 0 52 0
FTZL6:00200:09108 93 0 93 0
FTZL6:00200:09284 82 0 82 0
FTZL6:00209:09304 70 0 70 0
FTZL6:00232:09615 142 0 142 0
FTZL6:00220:09934 131 0 131 0
FTZL6:00226:10054 86 0 86 0
FTZL6:00258:09028 182 0 182 0
FTZL6:00292:09204 88 0 88 0
FTZL6:00276:09254 104 0 104 0
FTZL6:00299:09441 129 0 129 0
FTZL6:00297:10129 84 0 84 0
FTZL6:00293:10302 99 0 99 0
FTZL6:00322:09898 134 0 134 0
FTZL6:00399:09187 117 0 117 0
FTZL6:00350:09275 110 0 110 0
FTZL6:00384:09297 110 0 110 0
FTZL6:00395:09277 94 0 94 0
FTZL6:00359:09690 78 0 78 0
FTZL6:00381:10092 165 0 165 0
FTZL6:00412:09307 101 0 101 0
FTZL6:00414:09287 120 0 120 0
FTZL6:00421:09477 95 0 95 0
FTZL6:00418:10220 94 0 94 0
FTZL6:00484:09016 118 0 118 0
FTZL6:00494:09382 93 0 93 0
FTZL6:00454:10144 152 0 152 0
FTZL6:00521:09083 96 0 96 0
FTZL6:00503:09156 96 0 96 0
FTZL6:00501:09386 103 0 103 0
FTZL6:00547:09723 59 0 59 0
FTZL6:00535:09782 69 0 69 0
FTZL6:00511:09863 83 0 83 0
FTZL6:00504:10014 106 0 106 0
FTZL6:00554:09098 103 0 103 0
FTZL6:00572:09070 99 0 99 0
FTZL6:00578:09167 91 0 91 0
FTZL6:00594:09687 51 0 51 0
FTZL6:00551:09871 109 0 109 0
FTZL6:00574:09960 75 0 75 0
FTZL6:00601:09161 54 0 54 0
FTZL6:00623:09330 112 0 112 0
FTZL6:00637:09339 95 0 95 0
FTZL6:00610:09530 99 0 99 0
FTZL6:00643:09673 140 0 140 0
FTZL6:00666:09218 98 0 98 0
FTZL6:00661:09330 120 0 120 0
FTZL6:00697:09642 60 0 60 0
FTZL6:00659:09691 67 0 67 0
FTZL6:00670:09850 84 0 84 0
FTZL6:00689:09890 180 0 180 0
FTZL6:00694:09909 173 0 173 0
FTZL6:00660:09941 201 0 201 0
FTZL6:00666:09996 114 0 114 0
FTZL6:00669:10260 153 0 153 0
FTZL6:00719:09496 139 0 139 0
FTZL6:00715:09695 112 0 112 0
FTZL6:00708:09892 92 0 92 0
FTZL6:00729:09899 141 0 141 0
FTZL6:00747:10038 162 0 162 0
FTZL6:00769:09122 221 0 221 0
FTZL6:00784:09189 108 0 108 0
FTZL6:00756:09352 145 0 145 0
FTZL6:00774:09516 63 0 63 0
FTZL6:00778:09933 78 0 78 0
FTZL6:00800:09483 94 0 94 0
FTZL6:00834:09527 61 0 61 0
FTZL6:00822:09682 95 0 95 0
FTZL6:00833:09909 58 0 58 0
FTZL6:00820:10143 122 0 122 0
FTZL6:00830:10119 122 0 122 0
FTZL6:00848:10270 75 0 75 0
FTZL6:00890:09374 50 0 50 0
FTZL6:00862:09464 114 0 114 0
FTZL6:00865:09519 77 0 77 0
FTZL6:00858:10221 129 0 129 0
FTZL6:00926:09105 110 0 110 0
FTZL6:00931:09481 105 0 105 0
FTZL6:00933:09468 120 0 120 0
FTZL6:00922:09685 94 0 94 0
FTZL6:00910:09825 250 0 250 0
FTZL6:00940:09962 108 0 108 0
FTZL6:00932:09980 121 0 121 0
FTZL6:00939:10062 104 0 104 0
FTZL6:00944:10240 105 0 105 0
FTZL6:00968:09127 112 0 112 0
FTZL6:00952:09246 104 0 104 0
FTZL6:00984:09261 191 0 191 0
FTZL6:00996:09271 125 0 125 0
FTZL6:00979:09539 55 0 55 0
FTZL6:00970:09899 144 0 144 0
FTZL6:00953:10073 77